# JRE version: Java(TM) SE Runtime Environment (8.0_171-b11) (build 1.8.0_171-b11)
# Java VM: Java HotSpot(TM) 64-Bit Server VM (25.171-b11 mixed mode linux-amd64 compressed oops)
Heap:
 PSYoungGen      total 601600K, used 272888K [0x0000000580100000, 0x00000005aa000000, 0x0000000800000000)
  eden space 516096K, 52% used [0x0000000580100000,0x0000000590b7e080,0x000000059f900000)
  from space 85504K, 0% used [0x000000059f900000,0x000000059f900000,0x00000005a4c80000)
  to   space 85504K, 0% used [0x00000005a4c80000,0x00000005a4c80000,0x00000005aa000000)
 ParOldGen       total 890368K, used 16272K [0x0000000080200000, 0x00000000b6780000, 0x0000000580100000)
  object space 890368K, 1% used [0x0000000080200000,0x00000000811e4380,0x00000000b6780000)
 Metaspace       used 34636K, capacity 34948K, committed 35200K, reserved 1081344K
  class space    used 3572K, capacity 3640K, committed 3712K, reserved 1048576K
GC Heap History (4 events):
Event: 2.428 GC heap before
{Heap before GC invocations=1 (full 0):
 PSYoungGen      total 601600K, used 289016K [0x0000000580100000, 0x00000005aa000000, 0x0000000800000000)
  eden space 516096K, 56% used [0x0000000580100000,0x0000000591b3e2f0,0x000000059f900000)
  from space 85504K, 0% used [0x00000005a4c80000,0x00000005a4c80000,0x00000005aa000000)
  to   space 85504K, 0% used [0x000000059f900000,0x000000059f900000,0x00000005a4c80000)
 ParOldGen       total 1375232K, used 0K [0x0000000080200000, 0x00000000d4100000, 0x0000000580100000)
  object space 1375232K, 0% used [0x0000000080200000,0x0000000080200000,0x00000000d4100000)
 Metaspace       used 20886K, capacity 21132K, committed 21248K, reserved 1069056K
  class space    used 2400K, capacity 2476K, committed 2560K, reserved 1048576K
Event: 2.446 GC heap after
Heap after GC invocations=1 (full 0):
 PSYoungGen      total 601600K, used 17434K [0x0000000580100000, 0x00000005aa000000, 0x0000000800000000)
  eden space 516096K, 0% used [0x0000000580100000,0x0000000580100000,0x000000059f900000)
  from space 85504K, 20% used [0x000000059f900000,0x00000005a0a06b20,0x00000005a4c80000)
  to   space 85504K, 0% used [0x00000005a4c80000,0x00000005a4c80000,0x00000005aa000000)
 ParOldGen       total 1375232K, used 80K [0x0000000080200000, 0x00000000d4100000, 0x0000000580100000)
  object space 1375232K, 0% used [0x0000000080200000,0x0000000080214010,0x00000000d4100000)
 Metaspace       used 20886K, capacity 21132K, committed 21248K, reserved 1069056K
  class space    used 2400K, capacity 2476K, committed 2560K, reserved 1048576K
}
Event: 2.446 GC heap before
{Heap before GC invocations=2 (full 1):
 PSYoungGen      total 601600K, used 17434K [0x0000000580100000, 0x00000005aa000000, 0x0000000800000000)
  eden space 516096K, 0% used [0x0000000580100000,0x0000000580100000,0x000000059f900000)
  from space 85504K, 20% used [0x000000059f900000,0x00000005a0a06b20,0x00000005a4c80000)
  to   space 85504K, 0% used [0x00000005a4c80000,0x00000005a4c80000,0x00000005aa000000)
 ParOldGen       total 1375232K, used 80K [0x0000000080200000, 0x00000000d4100000, 0x0000000580100000)
  object space 1375232K, 0% used [0x0000000080200000,0x0000000080214010,0x00000000d4100000)
 Metaspace       used 20886K, capacity 21132K, committed 21248K, reserved 1069056K
  class space    used 2400K, capacity 2476K, committed 2560K, reserved 1048576K
Event: 2.484 GC heap after
Heap after GC invocations=2 (full 1):
 PSYoungGen      total 601600K, used 0K [0x0000000580100000, 0x00000005aa000000, 0x0000000800000000)
  eden space 516096K, 0% used [0x0000000580100000,0x0000000580100000,0x000000059f900000)
  from space 85504K, 0% used [0x000000059f900000,0x000000059f900000,0x00000005a4c80000)
  to   space 85504K, 0% used [0x00000005a4c80000,0x00000005a4c80000,0x00000005aa000000)
 ParOldGen       total 890368K, used 16272K [0x0000000080200000, 0x00000000b6780000, 0x0000000580100000)
  object space 890368K, 1% used [0x0000000080200000,0x00000000811e4380,0x00000000b6780000)
 Metaspace       used 20886K, capacity 21132K, committed 21248K, reserved 1069056K
  class space    used 2400K, capacity 2476K, committed 2560K, reserved 1048576K
}

