# JRE version: Java(TM) SE Runtime Environment (8.0_171-b11) (build 1.8.0_171-b11)
# Java VM: Java HotSpot(TM) 64-Bit Server VM (25.171-b11 mixed mode linux-amd64 compressed oops)
Heap:
 PSYoungGen      total 601600K, used 202527K [0x0000000580100000, 0x00000005aa000000, 0x0000000800000000)
  eden space 516096K, 39% used [0x0000000580100000,0x000000058c6c7d98,0x000000059f900000)
  from space 85504K, 0% used [0x000000059f900000,0x000000059f900000,0x00000005a4c80000)
  to   space 85504K, 0% used [0x00000005a4c80000,0x00000005a4c80000,0x00000005aa000000)
 ParOldGen       total 894464K, used 16273K [0x0000000080200000, 0x00000000b6b80000, 0x0000000580100000)
  object space 894464K, 1% used [0x0000000080200000,0x00000000811e45d0,0x00000000b6b80000)
 Metaspace       used 34056K, capacity 34342K, committed 34688K, reserved 1081344K
  class space    used 3554K, capacity 3635K, committed 3712K, reserved 1048576K
GC Heap History (4 events):
Event: 2.134 GC heap before
{Heap before GC invocations=1 (full 0):
 PSYoungGen      total 601600K, used 289024K [0x0000000580100000, 0x00000005aa000000, 0x0000000800000000)
  eden space 516096K, 56% used [0x0000000580100000,0x0000000591b40158,0x000000059f900000)
  from space 85504K, 0% used [0x00000005a4c80000,0x00000005a4c80000,0x00000005aa000000)
  to   space 85504K, 0% used [0x000000059f900000,0x000000059f900000,0x00000005a4c80000)
 ParOldGen       total 1375232K, used 0K [0x0000000080200000, 0x00000000d4100000, 0x0000000580100000)
  object space 1375232K, 0% used [0x0000000080200000,0x0000000080200000,0x00000000d4100000)
 Metaspace       used 20884K, capacity 21132K, committed 21248K, reserved 1069056K
  class space    used 2398K, capacity 2476K, committed 2560K, reserved 1048576K
Event: 2.150 GC heap after
Heap after GC invocations=1 (full 0):
 PSYoungGen      total 601600K, used 17302K [0x0000000580100000, 0x00000005aa000000, 0x0000000800000000)
  eden space 516096K, 0% used [0x0000000580100000,0x0000000580100000,0x000000059f900000)
  from space 85504K, 20% used [0x000000059f900000,0x00000005a09e59f8,0x00000005a4c80000)
  to   space 85504K, 0% used [0x00000005a4c80000,0x00000005a4c80000,0x00000005aa000000)
 ParOldGen       total 1375232K, used 88K [0x0000000080200000, 0x00000000d4100000, 0x0000000580100000)
  object space 1375232K, 0% used [0x0000000080200000,0x0000000080216028,0x00000000d4100000)
 Metaspace       used 20884K, capacity 21132K, committed 21248K, reserved 1069056K
  class space    used 2398K, capacity 2476K, committed 2560K, reserved 1048576K
}
Event: 2.150 GC heap before
{Heap before GC invocations=2 (full 1):
 PSYoungGen      total 601600K, used 17302K [0x0000000580100000, 0x00000005aa000000, 0x0000000800000000)
  eden space 516096K, 0% used [0x0000000580100000,0x0000000580100000,0x000000059f900000)
  from space 85504K, 20% used [0x000000059f900000,0x00000005a09e59f8,0x00000005a4c80000)
  to   space 85504K, 0% used [0x00000005a4c80000,0x00000005a4c80000,0x00000005aa000000)
 ParOldGen       total 1375232K, used 88K [0x0000000080200000, 0x00000000d4100000, 0x0000000580100000)
  object space 1375232K, 0% used [0x0000000080200000,0x0000000080216028,0x00000000d4100000)
 Metaspace       used 20884K, capacity 21132K, committed 21248K, reserved 1069056K
  class space    used 2398K, capacity 2476K, committed 2560K, reserved 1048576K
Event: 2.187 GC heap after
Heap after GC invocations=2 (full 1):
 PSYoungGen      total 601600K, used 0K [0x0000000580100000, 0x00000005aa000000, 0x0000000800000000)
  eden space 516096K, 0% used [0x0000000580100000,0x0000000580100000,0x000000059f900000)
  from space 85504K, 0% used [0x000000059f900000,0x000000059f900000,0x00000005a4c80000)
  to   space 85504K, 0% used [0x00000005a4c80000,0x00000005a4c80000,0x00000005aa000000)
 ParOldGen       total 894464K, used 16273K [0x0000000080200000, 0x00000000b6b80000, 0x0000000580100000)
  object space 894464K, 1% used [0x0000000080200000,0x00000000811e45d0,0x00000000b6b80000)
 Metaspace       used 20884K, capacity 21132K, committed 21248K, reserved 1069056K
  class space    used 2398K, capacity 2476K, committed 2560K, reserved 1048576K
}

