# JRE version: Java(TM) SE Runtime Environment (8.0_171-b11) (build 1.8.0_171-b11)
# Java VM: Java HotSpot(TM) 64-Bit Server VM (25.171-b11 mixed mode linux-amd64 compressed oops)
Heap:
 PSYoungGen      total 601600K, used 92107K [0x0000000580100000, 0x00000005aa000000, 0x0000000800000000)
  eden space 516096K, 17% used [0x0000000580100000,0x0000000585af2c18,0x000000059f900000)
  from space 85504K, 0% used [0x00000005a4c80000,0x00000005a4c80000,0x00000005aa000000)
  to   space 85504K, 0% used [0x000000059f900000,0x000000059f900000,0x00000005a4c80000)
 ParOldGen       total 1516032K, used 14564K [0x0000000080200000, 0x00000000dca80000, 0x0000000580100000)
  object space 1516032K, 0% used [0x0000000080200000,0x00000000810392f8,0x00000000dca80000)
 Metaspace       used 35411K, capacity 35656K, committed 35928K, reserved 1081344K
  class space    used 3568K, capacity 3640K, committed 3712K, reserved 1048576K
GC Heap History (8 events):
Event: 2.260 GC heap before
{Heap before GC invocations=1 (full 0):
 PSYoungGen      total 601600K, used 289018K [0x0000000580100000, 0x00000005aa000000, 0x0000000800000000)
  eden space 516096K, 56% used [0x0000000580100000,0x0000000591b3eb20,0x000000059f900000)
  from space 85504K, 0% used [0x00000005a4c80000,0x00000005a4c80000,0x00000005aa000000)
  to   space 85504K, 0% used [0x000000059f900000,0x000000059f900000,0x00000005a4c80000)
 ParOldGen       total 1375232K, used 0K [0x0000000080200000, 0x00000000d4100000, 0x0000000580100000)
  object space 1375232K, 0% used [0x0000000080200000,0x0000000080200000,0x00000000d4100000)
 Metaspace       used 20886K, capacity 21132K, committed 21248K, reserved 1069056K
  class space    used 2398K, capacity 2476K, committed 2560K, reserved 1048576K
Event: 2.277 GC heap after
Heap after GC invocations=1 (full 0):
 PSYoungGen      total 601600K, used 17356K [0x0000000580100000, 0x00000005aa000000, 0x0000000800000000)
  eden space 516096K, 0% used [0x0000000580100000,0x0000000580100000,0x000000059f900000)
  from space 85504K, 20% used [0x000000059f900000,0x00000005a09f31f8,0x00000005a4c80000)
  to   space 85504K, 0% used [0x00000005a4c80000,0x00000005a4c80000,0x00000005aa000000)
 ParOldGen       total 1375232K, used 80K [0x0000000080200000, 0x00000000d4100000, 0x0000000580100000)
  object space 1375232K, 0% used [0x0000000080200000,0x0000000080214010,0x00000000d4100000)
 Metaspace       used 20886K, capacity 21132K, committed 21248K, reserved 1069056K
  class space    used 2398K, capacity 2476K, committed 2560K, reserved 1048576K
}
Event: 2.277 GC heap before
{Heap before GC invocations=2 (full 1):
 PSYoungGen      total 601600K, used 17356K [0x0000000580100000, 0x00000005aa000000, 0x0000000800000000)
  eden space 516096K, 0% used [0x0000000580100000,0x0000000580100000,0x000000059f900000)
  from space 85504K, 20% used [0x000000059f900000,0x00000005a09f31f8,0x00000005a4c80000)
  to   space 85504K, 0% used [0x00000005a4c80000,0x00000005a4c80000,0x00000005aa000000)
 ParOldGen       total 1375232K, used 80K [0x0000000080200000, 0x00000000d4100000, 0x0000000580100000)
  object space 1375232K, 0% used [0x0000000080200000,0x0000000080214010,0x00000000d4100000)
 Metaspace       used 20886K, capacity 21132K, committed 21248K, reserved 1069056K
  class space    used 2398K, capacity 2476K, committed 2560K, reserved 1048576K
Event: 2.316 GC heap after
Heap after GC invocations=2 (full 1):
 PSYoungGen      total 601600K, used 0K [0x0000000580100000, 0x00000005aa000000, 0x0000000800000000)
  eden space 516096K, 0% used [0x0000000580100000,0x0000000580100000,0x000000059f900000)
  from space 85504K, 0% used [0x000000059f900000,0x000000059f900000,0x00000005a4c80000)
  to   space 85504K, 0% used [0x00000005a4c80000,0x00000005a4c80000,0x00000005aa000000)
 ParOldGen       total 896512K, used 16273K [0x0000000080200000, 0x00000000b6d80000, 0x0000000580100000)
  object space 896512K, 1% used [0x0000000080200000,0x00000000811e45d0,0x00000000b6d80000)
 Metaspace       used 20886K, capacity 21132K, committed 21248K, reserved 1069056K
  class space    used 2398K, capacity 2476K, committed 2560K, reserved 1048576K
}
Event: 780.450 GC heap before
{Heap before GC invocations=3 (full 1):
 PSYoungGen      total 601600K, used 287332K [0x0000000580100000, 0x00000005aa000000, 0x0000000800000000)
  eden space 516096K, 55% used [0x0000000580100000,0x00000005919991b0,0x000000059f900000)
  from space 85504K, 0% used [0x000000059f900000,0x000000059f900000,0x00000005a4c80000)
  to   space 85504K, 0% used [0x00000005a4c80000,0x00000005a4c80000,0x00000005aa000000)
 ParOldGen       total 896512K, used 16273K [0x0000000080200000, 0x00000000b6d80000, 0x0000000580100000)
  object space 896512K, 1% used [0x0000000080200000,0x00000000811e45d0,0x00000000b6d80000)
 Metaspace       used 34895K, capacity 35140K, committed 35416K, reserved 1081344K
  class space    used 3566K, capacity 3640K, committed 3712K, reserved 1048576K
Event: 780.459 GC heap after
Heap after GC invocations=3 (full 1):
 PSYoungGen      total 601600K, used 11174K [0x0000000580100000, 0x00000005aa000000, 0x0000000800000000)
  eden space 516096K, 0% used [0x0000000580100000,0x0000000580100000,0x000000059f900000)
  from space 85504K, 13% used [0x00000005a4c80000,0x00000005a5769b90,0x00000005aa000000)
  to   space 85504K, 0% used [0x000000059f900000,0x000000059f900000,0x00000005a4c80000)
 ParOldGen       total 896512K, used 16422K [0x0000000080200000, 0x00000000b6d80000, 0x0000000580100000)
  object space 896512K, 1% used [0x0000000080200000,0x0000000081209888,0x00000000b6d80000)
 Metaspace       used 34895K, capacity 35140K, committed 35416K, reserved 1081344K
  class space    used 3566K, capacity 3640K, committed 3712K, reserved 1048576K
}
Event: 780.459 GC heap before
{Heap before GC invocations=4 (full 2):
 PSYoungGen      total 601600K, used 11174K [0x0000000580100000, 0x00000005aa000000, 0x0000000800000000)
  eden space 516096K, 0% used [0x0000000580100000,0x0000000580100000,0x000000059f900000)
  from space 85504K, 13% used [0x00000005a4c80000,0x00000005a5769b90,0x00000005aa000000)
  to   space 85504K, 0% used [0x000000059f900000,0x000000059f900000,0x00000005a4c80000)
 ParOldGen       total 896512K, used 16422K [0x0000000080200000, 0x00000000b6d80000, 0x0000000580100000)
  object space 896512K, 1% used [0x0000000080200000,0x0000000081209888,0x00000000b6d80000)
 Metaspace       used 34895K, capacity 35140K, committed 35416K, reserved 1081344K
  class space    used 3566K, capacity 3640K, committed 3712K, reserved 1048576K
Event: 780.502 GC heap after
Heap after GC invocations=4 (full 2):
 PSYoungGen      total 601600K, used 0K [0x0000000580100000, 0x00000005aa000000, 0x0000000800000000)
  eden space 516096K, 0% used [0x0000000580100000,0x0000000580100000,0x000000059f900000)
  from space 85504K, 0% used [0x00000005a4c80000,0x00000005a4c80000,0x00000005aa000000)
  to   space 85504K, 0% used [0x000000059f900000,0x000000059f900000,0x00000005a4c80000)
 ParOldGen       total 1516032K, used 14564K [0x0000000080200000, 0x00000000dca80000, 0x0000000580100000)
  object space 1516032K, 0% used [0x0000000080200000,0x00000000810392f8,0x00000000dca80000)
 Metaspace       used 34895K, capacity 35140K, committed 35416K, reserved 1081344K
  class space    used 3566K, capacity 3640K, committed 3712K, reserved 1048576K
}

